<?xml version="1.0" encoding="UTF-8"?>
<testng-results ignored="0" total="1" passed="1" failed="0" skipped="0">
  <reporter-output>
  </reporter-output>
  <suite started-at="2021-02-22T21:46:37 IST" name="Surefire suite" finished-at="2021-02-22T21:46:59 IST" duration-ms="21766">
    <groups>
      <group name="cucumber">
        <method signature="AbstractTestNGCucumberTests.runScenario(io.cucumber.testng.PickleWrapper, io.cucumber.testng.FeatureWrapper)[pri:0, instance:CucumberOptions.TestRunner@6200f9cb]" name="runScenario" class="io.cucumber.testng.AbstractTestNGCucumberTests"/>
      </group> <!-- cucumber -->
    </groups>
    <test started-at="2021-02-22T21:46:37 IST" name="Surefire test" finished-at="2021-02-22T21:46:59 IST" duration-ms="21766">
      <class name="CucumberOptions.TestRunner">
        <test-method is-config="true" signature="setUpClass()[pri:0, instance:CucumberOptions.TestRunner@6200f9cb]" started-at="2021-02-22T21:46:37 IST" name="setUpClass" finished-at="2021-02-22T21:46:38 IST" duration-ms="734" status="PASS">
          <reporter-output>
          </reporter-output>
        </test-method> <!-- setUpClass -->
        <test-method signature="runScenario(io.cucumber.testng.PickleWrapper, io.cucumber.testng.FeatureWrapper)[pri:0, instance:CucumberOptions.TestRunner@6200f9cb]" started-at="2021-02-22T21:46:38 IST" name="runScenario" description="Runs Cucumber Scenarios" data-provider="scenarios" finished-at="2021-02-22T21:46:59 IST" duration-ms="20847" status="PASS">
          <params>
            <param index="0">
              <value>
                <![CDATA["Launch and validate Accessibility function"]]>
              </value>
            </param>
            <param index="1">
              <value>
                <![CDATA["Optional[Validate APiDemo App]"]]>
              </value>
            </param>
          </params>
          <reporter-output>
          </reporter-output>
        </test-method> <!-- runScenario -->
        <test-method is-config="true" signature="tearDownClass()[pri:0, instance:CucumberOptions.TestRunner@6200f9cb]" started-at="2021-02-22T21:46:59 IST" name="tearDownClass" finished-at="2021-02-22T21:46:59 IST" duration-ms="121" status="PASS">
          <reporter-output>
          </reporter-output>
        </test-method> <!-- tearDownClass -->
      </class> <!-- CucumberOptions.TestRunner -->
    </test> <!-- Surefire test -->
  </suite> <!-- Surefire suite -->
</testng-results>
