<?xml version="1.0" encoding="UTF-8"?>
<testng-results skipped="0" failed="0" ignored="0" total="1" passed="1">
  <reporter-output>
  </reporter-output>
  <suite name="Surefire suite" duration-ms="22631" started-at="2021-02-16T19:08:31 IST" finished-at="2021-02-16T19:08:53 IST">
    <groups>
      <group name="cucumber">
        <method signature="AbstractTestNGCucumberTests.runScenario(io.cucumber.testng.PickleWrapper, io.cucumber.testng.FeatureWrapper)[pri:0, instance:CucumberOptions.TestRunner@63e2203c]" name="runScenario" class="io.cucumber.testng.AbstractTestNGCucumberTests"/>
      </group> <!-- cucumber -->
    </groups>
    <test name="Surefire test" duration-ms="22631" started-at="2021-02-16T19:08:31 IST" finished-at="2021-02-16T19:08:53 IST">
      <class name="CucumberOptions.TestRunner">
        <test-method status="PASS" signature="setUpClass()[pri:0, instance:CucumberOptions.TestRunner@63e2203c]" name="setUpClass" is-config="true" duration-ms="816" started-at="2021-02-16T19:08:31 IST" finished-at="2021-02-16T19:08:31 IST">
          <reporter-output>
          </reporter-output>
        </test-method> <!-- setUpClass -->
        <test-method status="PASS" signature="runScenario(io.cucumber.testng.PickleWrapper, io.cucumber.testng.FeatureWrapper)[pri:0, instance:CucumberOptions.TestRunner@63e2203c]" name="runScenario" duration-ms="21568" started-at="2021-02-16T19:08:32 IST" description="Runs Cucumber Scenarios" data-provider="scenarios" finished-at="2021-02-16T19:08:53 IST">
          <params>
            <param index="0">
              <value>
                <![CDATA["Launch and validate Accessibility function"]]>
              </value>
            </param>
            <param index="1">
              <value>
                <![CDATA["Optional[Validate APiDemo App]"]]>
              </value>
            </param>
          </params>
          <reporter-output>
          </reporter-output>
        </test-method> <!-- runScenario -->
        <test-method status="PASS" signature="tearDownClass()[pri:0, instance:CucumberOptions.TestRunner@63e2203c]" name="tearDownClass" is-config="true" duration-ms="194" started-at="2021-02-16T19:08:53 IST" finished-at="2021-02-16T19:08:53 IST">
          <reporter-output>
          </reporter-output>
        </test-method> <!-- tearDownClass -->
      </class> <!-- CucumberOptions.TestRunner -->
    </test> <!-- Surefire test -->
  </suite> <!-- Surefire suite -->
</testng-results>
