<?xml version="1.0" encoding="UTF-8"?>
<testng-results ignored="0" total="1" passed="1" failed="0" skipped="0">
  <reporter-output>
  </reporter-output>
  <suite started-at="2021-02-15T13:25:18 IST" name="Suite" finished-at="2021-02-15T13:25:39 IST" duration-ms="21619">
    <groups>
      <group name="cucumber">
        <method signature="AbstractTestNGCucumberTests.runScenario(io.cucumber.testng.PickleWrapper, io.cucumber.testng.FeatureWrapper)[pri:0, instance:CucumberOptions.TestRunner@56cdfb3b]" name="runScenario" class="io.cucumber.testng.AbstractTestNGCucumberTests"/>
      </group> <!-- cucumber -->
    </groups>
    <test started-at="2021-02-15T13:25:18 IST" name="Test" finished-at="2021-02-15T13:25:39 IST" duration-ms="21619">
      <class name="CucumberOptions.TestRunner">
        <test-method is-config="true" signature="setUpClass()[pri:0, instance:CucumberOptions.TestRunner@56cdfb3b]" started-at="2021-02-15T13:25:18 IST" name="setUpClass" finished-at="2021-02-15T13:25:18 IST" duration-ms="644" status="PASS">
          <reporter-output>
          </reporter-output>
        </test-method> <!-- setUpClass -->
        <test-method signature="runScenario(io.cucumber.testng.PickleWrapper, io.cucumber.testng.FeatureWrapper)[pri:0, instance:CucumberOptions.TestRunner@56cdfb3b]" started-at="2021-02-15T13:25:18 IST" name="runScenario" description="Runs Cucumber Scenarios" data-provider="scenarios" finished-at="2021-02-15T13:25:39 IST" duration-ms="20815" status="PASS">
          <params>
            <param index="0">
              <value>
                <![CDATA["Launch and validate Accessibility function"]]>
              </value>
            </param>
            <param index="1">
              <value>
                <![CDATA["Optional[Validate APiDemo App]"]]>
              </value>
            </param>
          </params>
          <reporter-output>
          </reporter-output>
        </test-method> <!-- runScenario -->
        <test-method is-config="true" signature="tearDownClass()[pri:0, instance:CucumberOptions.TestRunner@56cdfb3b]" started-at="2021-02-15T13:25:39 IST" name="tearDownClass" finished-at="2021-02-15T13:25:39 IST" duration-ms="112" status="PASS">
          <reporter-output>
          </reporter-output>
        </test-method> <!-- tearDownClass -->
      </class> <!-- CucumberOptions.TestRunner -->
    </test> <!-- Test -->
  </suite> <!-- Suite -->
</testng-results>
